<?xml version="1.0" encoding="UTF-8"?>
<!-- Generated by org.testng.reporters.JUnitXMLReporter -->
<testsuite hostname="pankaj-pc" ignored="0" name="Test Diff testing feature " tests="17" failures="2" timestamp="17 May 2018 10:25:46 GMT" time="12.064" errors="0">
  <testcase name="getLogo" time="0.065" classname="com.TestNGBasics.GoogleTitleTest"/>
  <testcase name="getTitle" time="0.011" classname="com.TestNGBasics.GoogleTitleTest">
    <failure type="java.lang.AssertionError" message="Testcase is failed expected [Google123] but found [Google]">
      <![CDATA[java.lang.AssertionError: Testcase is failed expected [Google123] but found [Google]
at com.TestNGBasics.GoogleTitleTest.getTitle(GoogleTitleTest.java:23)
... Removed 30 stack frames]]>
    </failure>
  </testcase> <!-- getTitle -->
  <testcase name="infinitLoop" time="0.008" classname="com.TestNGBasics.ExceptionTimeOutTest"/>
  <testcase name="sum" time="0.003" classname="com.TestNGBasics.InvocationCountTest"/>
  <testcase name="sum" time="0.005" classname="com.TestNGBasics.InvocationCountTest"/>
  <testcase name="sum" time="0.003" classname="com.TestNGBasics.InvocationCountTest"/>
  <testcase name="sum" time="0.006" classname="com.TestNGBasics.InvocationCountTest"/>
  <testcase name="sum" time="0.003" classname="com.TestNGBasics.InvocationCountTest"/>
  <testcase name="sum" time="0.002" classname="com.TestNGBasics.InvocationCountTest"/>
  <testcase name="sum" time="0.004" classname="com.TestNGBasics.InvocationCountTest"/>
  <testcase name="sum" time="0.003" classname="com.TestNGBasics.InvocationCountTest"/>
  <testcase name="sum" time="0.003" classname="com.TestNGBasics.InvocationCountTest"/>
  <testcase name="sum" time="0.002" classname="com.TestNGBasics.InvocationCountTest"/>
  <testcase name="TitleTest" time="0.002" classname="com.TestNGBasics.TestAnnotations"/>
  <testcase name="TsearchTest" time="0.004" classname="com.TestNGBasics.TestAnnotations"/>
  <testcase name="googlelogoTest" time="0.002" classname="com.TestNGBasics.TestAnnotations"/>
  <testcase name="LoginTest" time="0.001" classname="com.TestNGBasics.TestNgFeature">
    <failure type="java.lang.ArithmeticException" message="/ by zero">
      <![CDATA[java.lang.ArithmeticException: / by zero
at com.TestNGBasics.TestNgFeature.LoginTest(TestNgFeature.java:9)
... Removed 25 stack frames]]>
    </failure>
  </testcase> <!-- LoginTest -->
</testsuite> <!-- Test Diff testing feature  -->
